<?xml version="1.0" encoding="UTF-8"?>
<testsuite name="register in utest" tests="1" skipped="0" failures="1" errors="0" timestamp="2024-02-02T15:16:47" hostname="JULIANBR" time="27.679">
  <properties/>
  <testcase name="successfully fill out the utest form" classname="register in utest" time="27.679">
    <failure message="java.lang.AssertionError: error message" type="java.lang.AssertionError">java.lang.AssertionError: error message
	at net.serenitybdd.screenplay.ErrorTally.throwSummaryExceptionFrom(ErrorTally.java:36)
	at net.serenitybdd.screenplay.ErrorTally.reportAnyErrors(ErrorTally.java:30)
	at net.serenitybdd.screenplay.Actor.should(Actor.java:300)
	at co.com.utest.web.alexandralozanoimmigrationlaw.stepdefinitions.FillFormUtestStepDefinitions.viewMessage(FillFormUtestStepDefinitions.java:46)
	at ✽.the user will be shown the message: &lt;Welcome to the world's largest community of freelance software testers!&gt;(src/test/resources/co.com.utest.web.alexandralozanoimmigrationlaw/features/fill_form.feature:9)
</failure>
  </testcase>
  <system-out><![CDATA[Exception reading https://chromedriver.storage.googleapis.com/LATEST_RELEASE_121 to get latest version of chromedriver (Error HTTP 404 executing https://chromedriver.storage.googleapis.com/LATEST_RELEASE_121)
Person co.com.utest.web.alexandralozanoimmigrationlaw.models.Location@76b5a559
]]></system-out>
  <system-err><![CDATA[Error HTTP 404 executing https://chromedriver.storage.googleapis.com/LATEST_RELEASE_121
feb 02, 2024 10:16:49 AM org.openqa.selenium.remote.DesiredCapabilities chrome
INFORMACIÓN: Using `new ChromeOptions()` is preferred to `DesiredCapabilities.chrome()`
Starting ChromeDriver 121.0.6167.85 (3f98d690ad7e59242ef110144c757b2ac4eef1a2-refs/branch-heads/6167@{#1539}) on port 35017
Only local connections are allowed.
Please see https://chromedriver.chromium.org/security-considerations for suggestions on keeping ChromeDriver safe.
ChromeDriver was started successfully.
feb 02, 2024 10:16:51 AM org.openqa.selenium.remote.ProtocolHandshake createSession
INFORMACIÓN: Detected dialect: W3C

           __  _____ _____ ____ _____   _____ _    ___ _     _____ ____  
  _       / / |_   _| ____/ ___|_   _| |  ___/ \  |_ _| |   | ____|  _ \ 
 (_)_____| |    | | |  _| \___ \ | |   | |_ / _ \  | || |   |  _| | | | |
  _|_____| |    | | | |___ ___) || |   |  _/ ___ \ | || |___| |___| |_| |
 (_)     | |    |_| |_____|____/ |_|   |_|/_/   \_\___|_____|_____|____/ 
          \_\                                                            

TEST FAILED: successfully fill out the utest form
--------------------------------------------------------------------------
TEST FAILED AT STEP Then message should be ': (Welcome to the world's largest community of freelance software testers!)'
error message
]]></system-err>
</testsuite>
